<?xml version="1.0" encoding="UTF-8"?>
<!-- Generated by org.testng.reporters.JUnitXMLReporter -->
<testsuite hostname="rockygupta" ignored="0" name="Default test" tests="3" failures="0" timestamp="17 Sep 2019 09:04:16 GMT" time="37.963" errors="0">
  <testcase name="loginPageTitleTest" time="0.01" classname="com.qa.pages.LoginPageTest"/>
  <testcase name="crmLogoImageTest" time="0.001" classname="com.qa.pages.LoginPageTest"/>
  <testcase name="loginTest" time="0.002" classname="com.qa.pages.LoginPageTest"/>
</testsuite> <!-- Default test -->
