<?xml version="1.0" encoding="UTF-8"?>
<testng-results skipped="0" failed="0" ignored="0" total="3" passed="3">
  <reporter-output>
  </reporter-output>
  <suite name="Default suite" duration-ms="37963" started-at="2019-09-17T09:03:38Z" finished-at="2019-09-17T09:04:16Z">
    <groups>
    </groups>
    <test name="Default test" duration-ms="37963" started-at="2019-09-17T09:03:38Z" finished-at="2019-09-17T09:04:16Z">
      <class name="com.qa.pages.LoginPageTest">
        <test-method status="PASS" signature="setUp()[pri:0, instance:com.qa.pages.LoginPageTest@3abbfa04]" name="setUp" is-config="true" duration-ms="27655" started-at="2019-09-17T09:03:38Z" finished-at="2019-09-17T09:04:06Z">
          <reporter-output>
          </reporter-output>
        </test-method> <!-- setUp -->
        <test-method status="PASS" signature="loginPageTitleTest()[pri:1, instance:com.qa.pages.LoginPageTest@3abbfa04]" name="loginPageTitleTest" duration-ms="10" started-at="2019-09-17T09:04:06Z" finished-at="2019-09-17T09:04:06Z">
          <reporter-output>
          </reporter-output>
        </test-method> <!-- loginPageTitleTest -->
        <test-method status="PASS" signature="tearDown()[pri:0, instance:com.qa.pages.LoginPageTest@3abbfa04]" name="tearDown" is-config="true" duration-ms="1" started-at="2019-09-17T09:04:06Z" finished-at="2019-09-17T09:04:06Z">
          <reporter-output>
          </reporter-output>
        </test-method> <!-- tearDown -->
        <test-method status="PASS" signature="setUp()[pri:0, instance:com.qa.pages.LoginPageTest@3abbfa04]" name="setUp" is-config="true" duration-ms="5201" started-at="2019-09-17T09:04:06Z" finished-at="2019-09-17T09:04:11Z">
          <reporter-output>
          </reporter-output>
        </test-method> <!-- setUp -->
        <test-method status="PASS" signature="crmLogoImageTest()[pri:2, instance:com.qa.pages.LoginPageTest@3abbfa04]" name="crmLogoImageTest" duration-ms="1" started-at="2019-09-17T09:04:11Z" finished-at="2019-09-17T09:04:11Z">
          <reporter-output>
          </reporter-output>
        </test-method> <!-- crmLogoImageTest -->
        <test-method status="PASS" signature="tearDown()[pri:0, instance:com.qa.pages.LoginPageTest@3abbfa04]" name="tearDown" is-config="true" duration-ms="0" started-at="2019-09-17T09:04:11Z" finished-at="2019-09-17T09:04:11Z">
          <reporter-output>
          </reporter-output>
        </test-method> <!-- tearDown -->
        <test-method status="PASS" signature="setUp()[pri:0, instance:com.qa.pages.LoginPageTest@3abbfa04]" name="setUp" is-config="true" duration-ms="5033" started-at="2019-09-17T09:04:11Z" finished-at="2019-09-17T09:04:16Z">
          <reporter-output>
          </reporter-output>
        </test-method> <!-- setUp -->
        <test-method status="PASS" signature="loginTest()[pri:3, instance:com.qa.pages.LoginPageTest@3abbfa04]" name="loginTest" duration-ms="2" started-at="2019-09-17T09:04:16Z" finished-at="2019-09-17T09:04:16Z">
          <reporter-output>
          </reporter-output>
        </test-method> <!-- loginTest -->
        <test-method status="PASS" signature="tearDown()[pri:0, instance:com.qa.pages.LoginPageTest@3abbfa04]" name="tearDown" is-config="true" duration-ms="0" started-at="2019-09-17T09:04:16Z" finished-at="2019-09-17T09:04:16Z">
          <reporter-output>
          </reporter-output>
        </test-method> <!-- tearDown -->
      </class> <!-- com.qa.pages.LoginPageTest -->
    </test> <!-- Default test -->
  </suite> <!-- Default suite -->
</testng-results>
